2026-06-10T18:47:50.710Z [INFO] Telegram sent successfully
2026-06-10T18:55:38.190Z [INFO] Telegram sent successfully
2026-06-10T19:27:10.755Z [INFO] Webhook received: {"signal":"LONG_ENTRY","symbol":"NIFTY","price":"25123","time":"2026-06-11 09:15"}
2026-06-10T19:27:11.773Z [INFO] Telegram sent successfully
2026-06-10T19:29:29.154Z [INFO] Webhook received: {"signal":"LONG_EXIT","symbol":"NIFTY","price":"25150","time":"2026-06-11 09:20"}
2026-06-10T19:29:29.154Z [INFO] Position closed
2026-06-10T19:29:29.904Z [INFO] Telegram sent successfully
2026-06-10T19:30:03.793Z [INFO] Webhook received: {"signal":"LONG_ENTRY","symbol":"NIFTY","price":"25123","time":"2026-06-11 09:15"}
2026-06-10T19:30:03.793Z [INFO] Position changed to LONG
2026-06-10T19:30:03.793Z [INFO] Selected Option: 25100 CE
2026-06-10T19:30:04.507Z [INFO] Telegram sent successfully
2026-06-10T19:32:31.299Z [INFO] Webhook received: {"signal":"LONG_EXIT","symbol":"NIFTY","price":"25150","time":"2026-06-11 09:20"}
2026-06-10T19:32:31.299Z [INFO] Position closed
2026-06-10T19:32:32.265Z [INFO] Telegram sent successfully
2026-06-10T19:34:03.872Z [INFO] Webhook received: {"signal":"LONG_ENTRY","symbol":"NIFTY","price":"25123","time":"2026-06-11 09:15"}
2026-06-10T19:34:03.873Z [INFO] Position changed to LONG
2026-06-10T19:34:03.873Z [INFO] Selected Option: 25100 CE
2026-06-10T19:34:04.644Z [INFO] Telegram sent successfully
2026-06-10T19:39:33.382Z [INFO] Webhook received: {"signal":"LONG_ENTRY","symbol":"NIFTY","price":"25123","time":"2026-06-11 09:15"}
2026-06-10T19:39:34.844Z [INFO] Telegram sent successfully
2026-06-10T19:46:26.773Z [INFO] Webhook received: {"signal":"LONG_EXIT","symbol":"NIFTY","price":"25150","time":"2026-06-11 09:20"}
2026-06-10T19:46:26.773Z [INFO] Position closed
2026-06-10T19:46:27.768Z [INFO] Telegram sent successfully
2026-06-10T19:47:12.222Z [INFO] Webhook received: {"signal":"SHORT_ENTRY","symbol":"NIFTY","price":"25123","time":"2026-06-11 09:25"}
2026-06-10T19:47:12.222Z [INFO] Position changed to SHORT
2026-06-10T19:47:12.222Z [INFO] Selected Option: 25100 PE
2026-06-10T19:47:12.957Z [INFO] Telegram sent successfully
2026-06-10T19:51:23.316Z [INFO] Webhook received: {"signal":"SHORT_ENTRY","symbol":"NIFTY","price":"25123","time":"2026-06-11 09:25"}
2026-06-10T19:51:23.325Z [INFO] Last Signal Updated: SHORT_ENTRY
2026-06-10T19:51:24.071Z [INFO] Telegram sent successfully
2026-06-10T19:51:37.002Z [INFO] Webhook received: {"signal":"SHORT_ENTRY","symbol":"NIFTY","price":"25100","time":"2026-06-11 09:30"}
2026-06-10T19:51:37.002Z [INFO] Last Signal Updated: SHORT_ENTRY
2026-06-10T19:51:38.068Z [INFO] Telegram sent successfully
2026-06-10T19:53:10.247Z [INFO] Webhook received: {"signal":"SHORT_ENTRY","symbol":"NIFTY","price":"25100","time":"2026-06-11 09:30"}
2026-06-10T19:53:10.248Z [INFO] Last Signal Updated: SHORT_ENTRY
2026-06-10T19:53:11.049Z [INFO] Telegram sent successfully
